<?xml version="1.0" encoding="UTF-8"?>
<!-- Generated by org.testng.reporters.JUnitReportReporter -->
<testsuite skipped="0" hostname="DESKTOP-EVPBKM6" name="com.prudential.runner.TestRunner" tests="2" failures="0" timestamp="07 Apr 2019 10:22:38 GMT" time="72.580" errors="0">
  <testcase name="homepage" time="24.523" classname="com.prudential.runner.TestRunner"/>
  <testcase name="homepage" time="48.057" classname="com.prudential.runner.TestRunner"/>
</testsuite> <!-- com.prudential.runner.TestRunner -->
