<?xml version="1.0" encoding="UTF-8"?>
<!-- Generated by org.testng.reporters.JUnitReportReporter -->
<testsuite skipped="0" hostname="DESKTOP-EVPBKM6" name="com.prudential.runner.TestRunner" tests="2" failures="0" timestamp="07 Apr 2019 08:42:33 GMT" time="72.121" errors="0">
  <testcase name="homepage" time="25.013" classname="com.prudential.runner.TestRunner"/>
  <testcase name="homepage" time="47.108" classname="com.prudential.runner.TestRunner"/>
</testsuite> <!-- com.prudential.runner.TestRunner -->
